TN:
SF:calculator.js
FN:3,(anonymous_0)
FN:11,(anonymous_1)
FN:19,(anonymous_2)
FN:30,(anonymous_3)
FNF:4
FNH:4
FNDA:3,(anonymous_0)
FNDA:3,(anonymous_1)
FNDA:4,(anonymous_2)
FNDA:3,(anonymous_3)
DA:4,3
DA:5,1
DA:8,2
DA:12,3
DA:13,1
DA:16,2
DA:20,4
DA:21,1
DA:23,3
DA:24,1
DA:27,2
DA:31,3
DA:32,1
DA:35,2
DA:39,1
LF:15
LH:15
BRDA:4,0,0,1
BRDA:4,0,1,2
BRDA:4,1,0,3
BRDA:4,1,1,2
BRDA:12,2,0,1
BRDA:12,2,1,2
BRDA:12,3,0,3
BRDA:12,3,1,2
BRDA:20,4,0,1
BRDA:20,4,1,3
BRDA:20,5,0,4
BRDA:20,5,1,3
BRDA:23,6,0,1
BRDA:23,6,1,2
BRDA:31,7,0,1
BRDA:31,7,1,2
BRDA:31,8,0,3
BRDA:31,8,1,2
BRF:18
BRH:18
end_of_record
TN:
SF:capitalize.js
FN:1,capitalize
FNF:1
FNH:1
FNDA:3,capitalize
DA:2,3
DA:3,1
DA:5,2
DA:6,1
DA:9,1
DA:12,1
LF:6
LH:6
BRDA:2,0,0,1
BRDA:2,0,1,2
BRDA:5,1,0,1
BRDA:5,1,1,1
BRF:4
BRH:4
end_of_record
TN:
SF:reverseString.js
FN:1,reverseString
FNF:1
FNH:1
FNDA:3,reverseString
DA:2,3
DA:3,1
DA:6,2
DA:9,1
LF:4
LH:4
BRDA:2,0,0,1
BRDA:2,0,1,2
BRF:2
BRH:2
end_of_record
TN:
SF:stringLength.js
FN:1,stringLength
FNF:1
FNH:1
FNDA:2,stringLength
DA:2,2
DA:4,2
DA:5,1
DA:8,1
DA:11,1
LF:5
LH:5
BRDA:4,0,0,1
BRDA:4,0,1,1
BRDA:4,1,0,2
BRDA:4,1,1,2
BRF:4
BRH:4
end_of_record
